<?xml version="1.0" encoding="UTF-8"?>
<!-- Generated by org.testng.reporters.JUnitReportReporter -->
<testsuite hostname="DESKTOP-UO6RFG3" failures="0" tests="1" name="firstPack.EnsekTestProject01" time="86.948" errors="0" timestamp="2023-05-28T11:10:40 BST" skipped="0">
  <testcase classname="firstPack.EnsekTestProject01" name="registertest" time="86.948"/>
  <system-out/>
</testsuite> <!-- firstPack.EnsekTestProject01 -->
